 *******************************************************************************
 *                                                                             *
 *                                 SCALE 6.2.2                                 *
 *                                -------------                                *
 *                                November 2018                                *
 *                                                                             *
 *           SCALE:  A Comprehensive Modeling and Simulation Suite             *
 *                   for Nuclear Safety Analysis and Design                    *
 *                                                                             *
 *                      Reactor and Nuclear Systems Division                   *
 *                        Oak Ridge National Laboratory                        *
 *                                                                             *
 *                           http://scale.ornl.gov                             *
 *                            scalehelp@ornl.gov                               *
 *                                                                             *
 *******************************************************************************
 *******************************************************************************
      
                  Job Information
                  ---------------
      Job started on smpark-Precision-Tower-3420 on Tue 13/11/2018 15:34:46
      Working directory: /tmp/scale.smpark.1089
      Input file name  : /home/smpark/projects/msr-neutronics/MSFR/scale/quarter_cell2.inp
      Output file name : /home/smpark/projects/msr-neutronics/MSFR/scale/quarter_cell2.out
      SCALE executable : /home/smpark/projects/SCALE-6.2.2/bin/scale
      
 *******************************************************************************
The following data cards precede an = card
      '#TestGrep# "k-eff [=]" ${OUTPUTFILENAME}
      '#TestGrep# "Transport k[=]" ${OUTPUTFILENAME}
      '#TestGrep# -i "erro[r]" ${OUTPUTFILENAME} | ${GREP} -v "[W]arnings and [E]rrors"
      '#TestGrep# "SCALE is finishe[d]" ${OUTPUTFILENAME} | ${AWK} "{print $1,$2,$3}"
      '#TestGrep# "is finishe[d]\." ${OUTPUTFILENAME} | ${AWK} "{print $1,$2,$3,$4,$5,$6,$7}"
      ' THIS SAMPLE PROBLEM TEST THE FOLLOWING: 
      '  ** t-newt sequence
      '  ** v7-252 group library
      '  ** centrm cross-section processing (default for t-newt calculations)
      '  ** parm=weight option for the t-newt sequence, which uses the NEWT collapse block to specify a 252 -> 56 group collapse.
      '  ** latticecell cross-section processing option


    module t-newt will be called on Tue Nov 13 15:34:47 2018.
    sequence specification record:=t-newt      parm=(2region,weight)
Input Data:

      MSFR unit cell model
      v7-238
      read comp 
      ' fuel salt
        wtptfuel  1 4.1249 5 92233 6.83517405 90232 51.529607 3007 6.075193 3006 0.00026044 9019 35.559766 1.0 973 end
      ' fertile salt
        wtptblank 2 4.1249 4 90232 58.352547 3007 6.076978 3006 0.00026051 9019 35.570215 1.0 973 end
      ' Structural material
        wtpthast  3 10.0  14 28000 79.432 74000 9.976 24000 8.014 42000 0.736 26000 0.632 22000 0.295 6000 0.294 25000 0.257 
                  14000 0.252 13000 0.052 5010 0.006534 5011 0.026466 15000 0.023 16000 0.004 1.0 973 end
      end comp
      read celldata
        latticecell squarepitch pitch=250.0 3 fuelr=92.50 1 cladr=100.50 2 end
      end celldata
      read model
      238 group solution
      read parm
      'dz=188.0
      drawit=yes prtbroad=yes cmfd=3 xycmfd=2 sn=8 converge=mix echo=yes inners=2 epsilon=1e-3
      timed=yes prtmxsec=no prtmxtab=yes prthmmix=no
      end parm
      read materials
        mix=1  pn=1 com="Fuel salt LiF-ThF4-233UF4" end
        mix=2  pn=1 com="Fertile salt LiF4-ThF4"    end
        mix=3  pn=1 com="Structural material"       end
      end materials
      read geom
        global unit 1
          cylinder 10 92.50  chord +x=0 chord +y=0 sides=128
          cylinder 20 100.50 chord +x=0 chord +y=0 sides=128
          cuboid   30 125. 0. 125. 0.
          media 1 1 10
          media 2 1 20 -10
          media 3 1 30 -20
        boundary 30 32 32
      end geom 
      ' Depletion
      read bounds
      all=mirror
      end bounds
      end model
end




************************************************************************************************************************************
************************************************************************************************************************************
************************************************************************************************************************************
*****                                                                                                                          *****
*****                                             program verification information                                             *****
*****                                                                                                                          *****
*****                                           code system: SCALE   version: 6.2.0                                            *****
*****                                                                                                                          *****
************************************************************************************************************************************
************************************************************************************************************************************
*****                                                                                                                          *****
*****                                                                                                                          *****
*****                      program:  t-newt                                                                                    *****
*****                                                                                                                          *****
*****                      version:  6.2.2 (602002)                                                                            *****
*****                                                                                                                          *****
*****                     username:  smpark                                                                                    *****
*****                                                                                                                          *****
*****                     hostname:  smpark-Precision-Tower-3420                                                               *****
*****                                                                                                                          *****
*****                                                                                                                          *****
*****            date of execution:  2018-11-13                                                                                *****
*****                                                                                                                          *****
*****            time of execution:  15:34:48                                                                                  *****
*****                                                                                                                          *****
************************************************************************************************************************************
************************************************************************************************************************************
************************************************************************************************************************************



***Warning: Nuclide 74180 is not contained in the specified library .
Attempting to use element 74000 failed. It is also not contained in the library
***Warning: 'Because nuclide 74180 is missing from the cross section library, its mixture 3 composition definition follows:
  b-10 3 0 3.92978e-05 973 end
  b-11 3 0 0.00014477 973 end
  c-12 3 0 0.00145833 973 end
  c-13 3 0 1.57729e-05 973 end
  al-27 3 0 0.000116061 973 end
  si-28 3 0 0.00049832 973 end
  si-29 3 0 2.53151e-05 973 end
  si-30 3 0 1.67074e-05 973 end
  p-31 3 0 4.47183e-05 973 end
  s-32 3 0 7.13609e-06 973 end
  s-33 3 0 5.63435e-08 973 end
  s-34 3 0 3.1928e-07 973 end
  s-36 3 0 7.51247e-10 973 end
  ti-46 3 0 3.06191e-05 973 end
  ti-47 3 0 2.76129e-05 973 end
  ti-48 3 0 0.000273605 973 end
  ti-49 3 0 2.00787e-05 973 end
  ti-50 3 0 1.92251e-05 973 end
  cr-50 3 0 0.000403291 973 end
  cr-52 3 0 0.00777707 973 end
  cr-53 3 0 0.000881858 973 end
  cr-54 3 0 0.000219513 973 end
  mn-55 3 0 0.000281716 973 end
  fe-54 3 0 3.98352e-05 973 end
  fe-56 3 0 0.000625328 973 end
  fe-57 3 0 1.44415e-05 973 end
  fe-58 3 0 1.9219e-06 973 end
  ni-58 3 0 0.0554827 973 end
  ni-60 3 0 0.0213718 973 end
  ni-61 3 0 0.000929018 973 end
  ni-62 3 0 0.00296212 973 end
  ni-64 3 0 0.000754364 973 end
  mo-92 3 0 6.82371e-05 973 end
  mo-94 3 0 4.26424e-05 973 end
  mo-95 3 0 7.34577e-05 973 end
  mo-96 3 0 7.70612e-05 973 end
  mo-97 3 0 4.4167e-05 973 end
  mo-98 3 0 0.000111757 973 end
  mo-100 3 0 4.46752e-05 973 end
  w-180 3 0 3.92143e-06 973 end
  w-182 3 0 0.000865982 973 end
  w-183 3 0 0.000467631 973 end
  w-184 3 0 0.00100127 973 end
  w-186 3 0 0.000929052 973 end
*** Warning - 1 issue(s) with the composition input resulting in removal of 1 nuclide(s) with a total of 3.92143e-06 atoms/barn-cm.
*** Mixture 3 density updated to 9.99883 grams/cc

*** If the default behavior is not acceptable, the above edits can be used to fix the composition input by removing or redistributing the atomic density of the missing nuclide(s).

*** This message can be suppressed by setting the environment variable MISSING_NUCLIDE_MSG_LEVEL=QUIET

*** The calculation will continue with the nuclide(s) removed, which will produce identical radiation transport and very similar activation/depletion results as using a cross section of 0.0 for each of the missing nuclide(s).


 'dz=188.0

 ' Depletion
------------------------------------------------------------------------------------------------------------------------------------

                          238 group solution                                                              

------------------------------------------------------------------------------------------------------------------------------------



1         ***********************
          ***********************
          **  Control Options  **
          ***********************
          ***********************

 Run problem to completion/test input only          run=           yes
 Weighted cross-section collapse/do not collapse    collapse=       no
 Source acceleration on/off                         accel=          no
 Restart from earlier case/begin new case           restart=        no
 CMFD acceleration (0/1/2/3 = no/rect/yes/part)     cmfd=          3
 Number of fine mesh base grid/coarse grid in X     xcmfd=           2
 Number of fine mesh base grid/coarse grid in Y     ycmfd=           2
 CMFD Multigroup solution only (no 2g)              cmfd2g=         no
 Create restart file upon completion                savrest=       yes
 Calculation type:                                  eigenvalue                      
 Forward/adjoint solution                           forward=       yes

1         **********************
          **********************
          **  Output Options  **
          **********************
          **********************

 Print micro. cross-sections for problem nuclides   prtxsec=        no
 Print macro. cross-sections for mixtures           prtmxsec=       no
 Print balance table                                prtbalnc=       no
 Print mixing table                                 prtmxtab=      yes
 Print postscript graphics file for fluxes          prtflux=        no
 Print postscript grid/mixture geometry graphics    drawit=        yes
 Print broad-group fluxes                           prtbroad=      yes
 Echo convergence tracking data to std. output      echo=          yes

1         ***************************
          ***************************
          ** I/O Unit Assignments  **
          ***************************
          ***************************

 Unit no. for mixing table                          mixtab=         92
 Unit no. of working library                        xnlib=           4
 Unit no. for weighted broad-group library          wtdlib=         30
 Unit no. for homogenized macroscopic x-sect. lib.  hmoglib=        13

1         *************************
          *************************
          ** Convergence Control **
          *************************
          *************************

 Quadrature order                                   sn=              8
 Maximum no. of inner itrs./outer/energy group      inners=          2
 Maximum no. of outer energy groups                 outers=          250
 Performing thermal group subouter iterations       therm=         yes
 Maximum no. of thermal group subouter itrs./outer  suboutrs=        2
 Convergence criterion on inner iterations          epsinner= 1.00E-03
 Convergence criterion on subouter iterations       epsthrm=  1.00E-03
 Convergence criterion on outer iterations          epsouter= 1.00E-03
 Convergence criterion on eigenvalue                epseigen= 1.00E-03
 First guess for eigenvalue (k-eff)                 kguess=       1.000

1         *****************************
          *****************************
          ** Geometry Specifications **
          *****************************
          *****************************

 Left side x-coordinate                             xmin=  0.00000E+00
 Right side x-coordinate                            xmax=  1.25000E+02
 Bottom side y-coordinate                           ymin=  0.00000E+00
 Top side y-coordinate                              ymax=  1.25000E+02
 Number of subdivisions in x direction              nx=             32
 Number of subdivisions in y direction              ny=             32

 Boundary Conditions (0/1/2/3=vacuum/reflective/white/periodic):
 Left (West)          wbc=         1
 Right (East)         ebc=         1
 Bottom (South)       sbc=         1
 Top (North)          nbc=         1

  Body Characteristics.  Rotation angle in degrees counterclockwise.
  Size parameters. cyl: A=radius, B=no. of sides. cub: A=width, B=height. hex: A(B)=major(minor) radius.
  Body  Input  Zone    Subdiv      --Center--      Size Parameters   Rotation   Chord
  Type  Unit   Number  nx  ny      x        y        A        B      Angle      Information
  ----  -----  -----  --- ---   ------   ------    -----    ------   --------   -----------
 cub     1     1      32  32   62.500   62.500  125.000  125.000    0.000
 cyl     1     2       0   0    0.000    0.000   92.500  128.000    0.000      +x=  0.000      +y=  0.000
 cyl     1     3       0   0    0.000    0.000  100.500  128.000    0.000      +x=  0.000      +y=  0.000

1         *****************************
          *****************************
          ** Material Specifications **
          *****************************
          *****************************

 Mat'l No.   SCALE ID   Pn order   External source ID   Description (if any)
    1          1           1               0           fuel salt lif-thf4-233uf4
    2          2           1               0           fertile salt lif4-thf4
    3          3           1               0           structural material

1         ************************
          ************************
          ** Derived Parameters **
          ************************
          ************************

 Total number of energy groups                      numen=         238
 Number of neutron groups                           igm=           238
 Number of gamma groups                             ipm=             0
 First thermal energy group                         iftg=          149
 Mixing table length                                nmix=            51
 Number of mixtures created                         nummat=          4
 Number of computational cells                      numcells=     1122
 Number of computational surfaces (sides)           numlines=     2372
 Combine small grid cells together                  combine=no
 Average number of sides/cell                       avnosides=     4.11
 Minimum number of sides/cell                       mnnosides=       5
 Maximum number of sides/cell                       mxnosides=       6
 Number of angles in quadrature set                 ndir=           40
 Maximum order of Legendre scattering               maxpn=           1
 Number of flux moments                             nmom             3

1         *****************************
          *****************************
          ** Energy Group Structures **
          *****************************
          *****************************

 Energy   Energy      Lethargy        
 Group  Boundaries   Boundaries       
  No.      (eV)                      
   1   2.00000E+07 -6.93147E-01                  120   2.10000E+01  1.30736E+01
   2   1.73330E+07 -5.50027E-01                  121   2.00000E+01  1.31224E+01
   3   1.56830E+07 -4.49992E-01                  122   1.90000E+01  1.31737E+01
   4   1.45500E+07 -3.75006E-01                  123   1.85000E+01  1.32003E+01
   5   1.38400E+07 -3.24978E-01                  124   1.70000E+01  1.32849E+01
   6   1.28400E+07 -2.49980E-01                  125   1.60000E+01  1.33455E+01
   7   1.00000E+07  0.00000E+00                  126   1.50999E+01  1.34034E+01
   8   8.18730E+06  2.00001E-01                  127   1.44000E+01  1.34509E+01
   9   6.43400E+06  4.40989E-01                  128   1.37500E+01  1.34971E+01
  10   4.80000E+06  7.33969E-01                  129   1.29000E+01  1.35609E+01
  11   4.30400E+06  8.43040E-01                  130   1.19000E+01  1.36416E+01
  12   3.00000E+06  1.20397E+00                  131   1.15000E+01  1.36757E+01
  13   2.47900E+06  1.39473E+00                  132   1.00000E+01  1.38155E+01
  14   2.35400E+06  1.44647E+00                  133   9.09999E+00  1.39098E+01
  15   1.85000E+06  1.68740E+00                  134   8.09999E+00  1.40262E+01
  16   1.50000E+06  1.89712E+00                  135   7.15000E+00  1.41510E+01
  17   1.40000E+06  1.96611E+00                  136   7.00000E+00  1.41722E+01
  18   1.35600E+06  1.99805E+00                  137   6.75000E+00  1.42086E+01
  19   1.31700E+06  2.02723E+00                  138   6.50000E+00  1.42463E+01
  20   1.25000E+06  2.07944E+00                  139   6.25000E+00  1.42855E+01
  21   1.20000E+06  2.12026E+00                  140   6.00000E+00  1.43263E+01
  22   1.10000E+06  2.20727E+00                  141   5.40000E+00  1.44317E+01
  23   1.01000E+06  2.29263E+00                  142   5.00000E+00  1.45087E+01
  24   9.20000E+05  2.38597E+00                  143   4.75000E+00  1.45600E+01
  25   9.00000E+05  2.40795E+00                  144   4.00000E+00  1.47318E+01
  26   8.75000E+05  2.43612E+00                  145   3.73000E+00  1.48017E+01
  27   8.61100E+05  2.45213E+00                  146   3.50000E+00  1.48653E+01
  28   8.20000E+05  2.50104E+00                  147   3.15000E+00  1.49707E+01
  29   7.50000E+05  2.59027E+00                  148   3.04999E+00  1.50030E+01
  30   6.79000E+05  2.68972E+00                  149   3.00000E+00  1.50195E+01
  31   6.70000E+05  2.70306E+00                  150   2.96999E+00  1.50295E+01
  32   6.00000E+05  2.81341E+00                  151   2.87000E+00  1.50638E+01
  33   5.73000E+05  2.85945E+00                  152   2.77000E+00  1.50992E+01
  34   5.50000E+05  2.90042E+00                  153   2.66999E+00  1.51360E+01
  35   4.99520E+05  2.99669E+00                  154   2.57000E+00  1.51742E+01
  36   4.70000E+05  3.05761E+00                  155   2.46999E+00  1.52139E+01
  37   4.40000E+05  3.12357E+00                  156   2.37999E+00  1.52510E+01
  38   4.20000E+05  3.17009E+00                  157   2.29999E+00  1.52852E+01
  39   4.00000E+05  3.21888E+00                  158   2.20999E+00  1.53251E+01
  40   3.30000E+05  3.41125E+00                  159   2.12000E+00  1.53667E+01
  41   2.70000E+05  3.61192E+00                  160   2.00000E+00  1.54249E+01
  42   2.00000E+05  3.91202E+00                  161   1.94000E+00  1.54554E+01
  43   1.50000E+05  4.19971E+00                  162   1.86000E+00  1.54975E+01
  44   1.28300E+05  4.35597E+00                  163   1.77000E+00  1.55471E+01
  45   1.00000E+05  4.60517E+00                  164   1.67999E+00  1.55993E+01
  46   8.50000E+04  4.76769E+00                  165   1.58999E+00  1.56544E+01
  47   8.20000E+04  4.80362E+00                  166   1.50000E+00  1.57126E+01
  48   7.50000E+04  4.89285E+00                  167   1.45000E+00  1.57465E+01
  49   7.30000E+04  4.91988E+00                  168   1.40000E+00  1.57816E+01
  50   6.00000E+04  5.11600E+00                  169   1.34999E+00  1.58180E+01
  51   5.20000E+04  5.25910E+00                  170   1.29999E+00  1.58557E+01
  52   5.00000E+04  5.29832E+00                  171   1.25000E+00  1.58950E+01
  53   4.50000E+04  5.40368E+00                  172   1.22499E+00  1.59152E+01
  54   3.00000E+04  5.80914E+00                  173   1.20000E+00  1.59358E+01
  55   2.50000E+04  5.99146E+00                  174   1.17499E+00  1.59568E+01
  56   1.70000E+04  6.37713E+00                  175   1.15000E+00  1.59783E+01
  57   1.30000E+04  6.64539E+00                  176   1.13999E+00  1.59871E+01
  58   9.50000E+03  6.95905E+00                  177   1.12999E+00  1.59959E+01
  59   8.03000E+03  7.12716E+00                  178   1.12000E+00  1.60048E+01
  60   6.00000E+03  7.41858E+00                  179   1.11000E+00  1.60137E+01
  61   3.90000E+03  7.84936E+00                  180   1.09999E+00  1.60228E+01
  62   3.74000E+03  7.89125E+00                  181   1.08999E+00  1.60319E+01
  63   3.00000E+03  8.11173E+00                  182   1.08000E+00  1.60411E+01
  64   2.58000E+03  8.26255E+00                  183   1.07000E+00  1.60504E+01
  65   2.29000E+03  8.38179E+00                  184   1.05999E+00  1.60598E+01
  66   2.20000E+03  8.42188E+00                  185   1.04999E+00  1.60693E+01
  67   1.80000E+03  8.62255E+00                  186   1.04000E+00  1.60789E+01
  68   1.55000E+03  8.77209E+00                  187   1.03000E+00  1.60885E+01
  69   1.50000E+03  8.80488E+00                  188   1.02000E+00  1.60983E+01
  70   1.15000E+03  9.07058E+00                  189   1.00999E+00  1.61082E+01
  71   9.50000E+02  9.26163E+00                  190   1.00000E+00  1.61181E+01
  72   6.83000E+02  9.59160E+00                  191   9.75000E-01  1.61434E+01
  73   6.70000E+02  9.61082E+00                  192   9.50000E-01  1.61694E+01
  74   5.50000E+02  9.80818E+00                  193   9.25000E-01  1.61961E+01
  75   3.05000E+02  1.03978E+01                  194   9.00000E-01  1.62235E+01
  76   2.85000E+02  1.04656E+01                  195   8.50000E-01  1.62806E+01
  77   2.40000E+02  1.06375E+01                  196   8.00000E-01  1.63412E+01
  78   2.10000E+02  1.07710E+01                  197   7.50000E-01  1.64058E+01
  79   2.07500E+02  1.07830E+01                  198   7.00000E-01  1.64748E+01
  80   1.92500E+02  1.08580E+01                  199   6.50000E-01  1.65489E+01
  81   1.86000E+02  1.08923E+01                  200   6.25000E-01  1.65881E+01
  82   1.22000E+02  1.13141E+01                  201   6.00000E-01  1.66289E+01
  83   1.19000E+02  1.13390E+01                  202   5.50000E-01  1.67159E+01
  84   1.15000E+02  1.13732E+01                  203   5.00000E-01  1.68112E+01
  85   1.08000E+02  1.14360E+01                  204   4.50000E-01  1.69166E+01
  86   1.00000E+02  1.15129E+01                  205   4.00000E-01  1.70344E+01
  87   9.00000E+01  1.16183E+01                  206   3.75000E-01  1.70989E+01
  88   8.20000E+01  1.17114E+01                  207   3.50000E-01  1.71679E+01
  89   8.00000E+01  1.17361E+01                  208   3.25000E-01  1.72420E+01
  90   7.60000E+01  1.17874E+01                  209   3.00000E-01  1.73221E+01
  91   7.20000E+01  1.18414E+01                  210   2.75000E-01  1.74091E+01
  92   6.75000E+01  1.19060E+01                  211   2.50000E-01  1.75044E+01
  93   6.50000E+01  1.19437E+01                  212   2.25000E-01  1.76098E+01
  94   6.10000E+01  1.20072E+01                  213   2.00000E-01  1.77275E+01
  95   5.90000E+01  1.20406E+01                  214   1.75000E-01  1.78611E+01
  96   5.34000E+01  1.21403E+01                  215   1.50000E-01  1.80152E+01
  97   5.20000E+01  1.21669E+01                  216   1.25000E-01  1.81975E+01
  98   5.06000E+01  1.21941E+01                  217   1.00000E-01  1.84207E+01
  99   4.92000E+01  1.22222E+01                  218   9.00000E-02  1.85260E+01
 100   4.83000E+01  1.22407E+01                  219   8.00000E-02  1.86438E+01
 101   4.70000E+01  1.22679E+01                  220   7.00000E-02  1.87774E+01
 102   4.52000E+01  1.23070E+01                  221   6.00000E-02  1.89315E+01
 103   4.40000E+01  1.23339E+01                  222   5.00000E-02  1.91138E+01
 104   4.24000E+01  1.23709E+01                  223   4.00000E-02  1.93370E+01
 105   4.10000E+01  1.24045E+01                  224   3.00000E-02  1.96247E+01
 106   3.96000E+01  1.24393E+01                  225   2.53000E-02  1.97950E+01
 107   3.91000E+01  1.24520E+01                  226   1.00000E-02  2.07233E+01
 108   3.80000E+01  1.24805E+01                  227   7.50000E-03  2.10109E+01
 109   3.70000E+01  1.25072E+01                  228   5.00000E-03  2.14164E+01
 110   3.55000E+01  1.25486E+01                  229   4.00000E-03  2.16396E+01
 111   3.46000E+01  1.25742E+01                  230   3.00000E-03  2.19272E+01
 112   3.37500E+01  1.25991E+01                  231   2.50000E-03  2.21096E+01
 113   3.32500E+01  1.26140E+01                  232   2.00000E-03  2.23327E+01
 114   3.17500E+01  1.26602E+01                  233   1.50000E-03  2.26204E+01
 115   3.12500E+01  1.26761E+01                  234   1.20000E-03  2.28435E+01
 116   3.00000E+01  1.27169E+01                  235   1.00000E-03  2.30259E+01
 117   2.75000E+01  1.28039E+01                  236   7.50000E-04  2.33135E+01
 118   2.50000E+01  1.28992E+01                  237   5.00000E-04  2.37190E+01
 119   2.25000E+01  1.30046E+01                  238   1.00000E-04  2.53284E+01
                                                 239   1.00000E-05  2.76310E+01

1         ***************************
          ***************************
          ** Quadrature Parameters **
          ***************************
          ***************************

 Quadrature angles and weights for first quadrant:
 ( 10 angles/quadrant for S- 8 quadrature.)

 Angle No.    Mu                  Eta                Weight       Angle in x-y   Elevation
                                                                 plane (degrees) (degrees)
    1    1.92327470D-01      1.92327470D-01      2.91971175D-02       45.00        74.22
    2    5.77350270D-01      1.92327470D-01      2.33138075D-02       18.42        52.52
    3    7.93521780D-01      1.92327470D-01      2.33138075D-02       13.62        35.26
    4    9.62299480D-01      1.92327470D-01      2.91971175D-02       11.30        11.09
    5    1.92327470D-01      5.77350270D-01      2.33138075D-02       71.58        52.52
    6    5.77350270D-01      5.77350270D-01      2.25258000D-02       45.00        35.26
    7    7.93521780D-01      5.77350270D-01      2.33138075D-02       36.04        11.09
    8    1.92327470D-01      7.93521780D-01      2.33138075D-02       76.38        35.26
    9    5.77350270D-01      7.93521780D-01      2.33138075D-02       53.96        11.09
   10    1.92327470D-01      9.62299480D-01      2.91971175D-02       78.70        11.09


1         **********************************
          **********************************
          ** Quadrature Reflection Angles **
          **********************************
          **********************************
                (Angles are in degrees)

       20 primary   (incoming) angles on each side.
       20 reflected (outgoing) angles on each side.

  Side No. (slope)   Direction No. Primary angle (slope/elevation) Reflecting Angle (slope/elevation)

      1  (   0.00)       1             1  (  45.00/  74.22)           31  ( -45.00/  74.22)
                         2             2  (  18.42/  52.52)           32  ( -18.42/  52.52)
                         3             3  (  13.62/  35.26)           33  ( -13.62/  35.26)
                         4             4  (  11.30/  11.09)           34  ( -11.30/  11.09)
                         5             5  (  71.58/  52.52)           35  ( -71.58/  52.52)
                         6             6  (  45.00/  35.26)           36  ( -45.00/  35.26)
                         7             7  (  36.04/  11.09)           37  ( -36.04/  11.09)
                         8             8  (  76.38/  35.26)           38  ( -76.38/  35.26)
                         9             9  (  53.96/  11.09)           39  ( -53.96/  11.09)
                        10            10  (  78.70/  11.09)           40  ( -78.70/  11.09)
                        11            11  ( 135.00/  74.22)           21  (-135.00/  74.22)
                        12            12  ( 161.58/  52.52)           22  (-161.58/  52.52)
                        13            13  ( 166.38/  35.26)           23  (-166.38/  35.26)
                        14            14  ( 168.70/  11.09)           24  (-168.70/  11.09)
                        15            15  ( 108.42/  52.52)           25  (-108.42/  52.52)
                        16            16  ( 135.00/  35.26)           26  (-135.00/  35.26)
                        17            17  ( 143.96/  11.09)           27  (-143.96/  11.09)
                        18            18  ( 103.62/  35.26)           28  (-103.62/  35.26)
                        19            19  ( 126.04/  11.09)           29  (-126.04/  11.09)
                        20            20  ( 101.30/  11.09)           30  (-101.30/  11.09)

      2  ( -90.00)       1             1  (  45.00/  74.22)           11  ( 135.00/  74.22)
                         2             2  (  18.42/  52.52)           12  ( 161.58/  52.52)
                         3             3  (  13.62/  35.26)           13  ( 166.38/  35.26)
                         4             4  (  11.30/  11.09)           14  ( 168.70/  11.09)
                         5             5  (  71.58/  52.52)           15  ( 108.42/  52.52)
                         6             6  (  45.00/  35.26)           16  ( 135.00/  35.26)
                         7             7  (  36.04/  11.09)           17  ( 143.96/  11.09)
                         8             8  (  76.38/  35.26)           18  ( 103.62/  35.26)
                         9             9  (  53.96/  11.09)           19  ( 126.04/  11.09)
                        10            10  (  78.70/  11.09)           20  ( 101.30/  11.09)
                        11            31  ( -45.00/  74.22)           21  (-135.00/  74.22)
                        12            32  ( -18.42/  52.52)           22  (-161.58/  52.52)
                        13            33  ( -13.62/  35.26)           23  (-166.38/  35.26)
                        14            34  ( -11.30/  11.09)           24  (-168.70/  11.09)
                        15            35  ( -71.58/  52.52)           25  (-108.42/  52.52)
                        16            36  ( -45.00/  35.26)           26  (-135.00/  35.26)
                        17            37  ( -36.04/  11.09)           27  (-143.96/  11.09)
                        18            38  ( -76.38/  35.26)           28  (-103.62/  35.26)
                        19            39  ( -53.96/  11.09)           29  (-126.04/  11.09)
                        20            40  ( -78.70/  11.09)           30  (-101.30/  11.09)

      3  (  90.00)       1            11  ( 135.00/  74.22)            1  (  45.00/  74.22)
                         2            12  ( 161.58/  52.52)            2  (  18.42/  52.52)
                         3            13  ( 166.38/  35.26)            3  (  13.62/  35.26)
                         4            14  ( 168.70/  11.09)            4  (  11.30/  11.09)
                         5            15  ( 108.42/  52.52)            5  (  71.58/  52.52)
                         6            16  ( 135.00/  35.26)            6  (  45.00/  35.26)
                         7            17  ( 143.96/  11.09)            7  (  36.04/  11.09)
                         8            18  ( 103.62/  35.26)            8  (  76.38/  35.26)
                         9            19  ( 126.04/  11.09)            9  (  53.96/  11.09)
                        10            20  ( 101.30/  11.09)           10  (  78.70/  11.09)
                        11            21  (-135.00/  74.22)           31  ( -45.00/  74.22)
                        12            22  (-161.58/  52.52)           32  ( -18.42/  52.52)
                        13            23  (-166.38/  35.26)           33  ( -13.62/  35.26)
                        14            24  (-168.70/  11.09)           34  ( -11.30/  11.09)
                        15            25  (-108.42/  52.52)           35  ( -71.58/  52.52)
                        16            26  (-135.00/  35.26)           36  ( -45.00/  35.26)
                        17            27  (-143.96/  11.09)           37  ( -36.04/  11.09)
                        18            28  (-103.62/  35.26)           38  ( -76.38/  35.26)
                        19            29  (-126.04/  11.09)           39  ( -53.96/  11.09)
                        20            30  (-101.30/  11.09)           40  ( -78.70/  11.09)

      4  ( 180.00)       1            21  (-135.00/  74.22)           11  ( 135.00/  74.22)
                         2            22  (-161.58/  52.52)           12  ( 161.58/  52.52)
                         3            23  (-166.38/  35.26)           13  ( 166.38/  35.26)
                         4            24  (-168.70/  11.09)           14  ( 168.70/  11.09)
                         5            25  (-108.42/  52.52)           15  ( 108.42/  52.52)
                         6            26  (-135.00/  35.26)           16  ( 135.00/  35.26)
                         7            27  (-143.96/  11.09)           17  ( 143.96/  11.09)
                         8            28  (-103.62/  35.26)           18  ( 103.62/  35.26)
                         9            29  (-126.04/  11.09)           19  ( 126.04/  11.09)
                        10            30  (-101.30/  11.09)           20  ( 101.30/  11.09)
                        11            31  ( -45.00/  74.22)            1  (  45.00/  74.22)
                        12            32  ( -18.42/  52.52)            2  (  18.42/  52.52)
                        13            33  ( -13.62/  35.26)            3  (  13.62/  35.26)
                        14            34  ( -11.30/  11.09)            4  (  11.30/  11.09)
                        15            35  ( -71.58/  52.52)            5  (  71.58/  52.52)
                        16            36  ( -45.00/  35.26)            6  (  45.00/  35.26)
                        17            37  ( -36.04/  11.09)            7  (  36.04/  11.09)
                        18            38  ( -76.38/  35.26)            8  (  76.38/  35.26)
                        19            39  ( -53.96/  11.09)            9  (  53.96/  11.09)
                        20            40  ( -78.70/  11.09)           10  (  78.70/  11.09)





 Scattering constants for first quadrant
 ( 3 moments for p-1 scattering)
 Angle       ------- Moment No. -------
  No.       0             1             2
    1    1.00000E+00  3.33121E-01 -2.35552E-01
    2    1.00000E+00  1.00000E+00 -2.35552E-01
    3    1.00000E+00  1.37442E+00 -2.35552E-01
    4    1.00000E+00  1.66675E+00 -2.35552E-01
    5    1.00000E+00  3.33121E-01 -7.07107E-01
    6    1.00000E+00  1.00000E+00 -7.07107E-01
    7    1.00000E+00  1.37442E+00 -7.07107E-01
    8    1.00000E+00  3.33121E-01 -9.71862E-01
    9    1.00000E+00  1.00000E+00 -9.71862E-01
   10    1.00000E+00  3.33121E-01 -1.17857E+00


1         **************************
          **************************
          **** Mixture Volumes *****
          **************************
          **************************


  Mixture       Volume        Volume
    ID     (cc/unit length)  Fraction
     0       0.00000E+00      0.00000E+00
     1       6.72006E+03      4.30084E-01
     2       1.21265E+03      7.76099E-02
     3       7.69228E+03      4.92306E-01
 Total       1.56250E+04      1.00000E+00

1         *********************
          *********************
          **   Mixing Table  **
          *********************
          *********************

 Entry   Mixture   Isotope   Number Density
     1      1          3006    1.07554E-06
     2      1          3007    2.15097E-02
     3      1          9019    4.64950E-02
     4      1         90232    5.51648E-03
     5      1         92233    7.28592E-04
     6      2          3006    1.07583E-06
     7      2          3007    2.15160E-02
     8      2          9019    4.65087E-02
     9      2         90232    6.24691E-03
    10      3          5010    3.92978E-05
    11      3          5011    1.44770E-04
    12      3          6000    1.47411E-03
    13      3         13027    1.16061E-04
    14      3         14028    4.98320E-04
    15      3         14029    2.53151E-05
    16      3         14030    1.67074E-05
    17      3         15031    4.47183E-05
    18      3         16032    7.13609E-06
    19      3         16033    5.63435E-08
    20      3         16034    3.19280E-07
    21      3         16036    7.51247E-10
    22      3         22046    3.06191E-05
    23      3         22047    2.76129E-05
    24      3         22048    2.73605E-04
    25      3         22049    2.00787E-05
    26      3         22050    1.92251E-05
    27      3         24050    4.03291E-04
    28      3         24052    7.77707E-03
    29      3         24053    8.81858E-04
    30      3         24054    2.19513E-04
    31      3         25055    2.81716E-04
    32      3         26054    3.98352E-05
    33      3         26056    6.25328E-04
    34      3         26057    1.44415E-05
    35      3         26058    1.92190E-06
    36      3         28058    5.54827E-02
    37      3         28060    2.13718E-02
    38      3         28061    9.29018E-04
    39      3         28062    2.96212E-03
    40      3         28064    7.54364E-04
    41      3         42092    6.82371E-05
    42      3         42094    4.26424E-05
    43      3         42095    7.34577E-05
    44      3         42096    7.70612E-05
    45      3         42097    4.41670E-05
    46      3         42098    1.11757E-04
    47      3         42100    4.46752E-05
    48      3         74182    8.65982E-04
    49      3         74183    4.67631E-04
    50      3         74184    1.00127E-03
    51      3         74186    9.29052E-04


  Memory size of attenuation factors(MB)=    239.58


 ===================================================================================================================================
   Outer iteration sweep begins 11/ 13/ 2018 at 15:35:12

  Outer   Eigenvalue Eigenvalue Max Flux   Max Flux     Max Fuel   Max Fuel     Wall   Elapsed   Iteration  CPU   Inners
 Iter. #              Delta      Delta   Location(r,g)   Delta   Location(r,g) Clock   CPU Time   CPU Time Usage Converged
 - - - - - - - - - - - - - - - - - - - - - - - - - - - - - - - - - - - - - - - - - - - - - - - - - - - - - - - - - - - -
     1    0.96625   3.283E-02 4.274E+00 (    4,  1)   1.000E+00 (    1,  0) 15:35:13    1.5 s     1.5 s 153.0%    F
     2    0.97098   4.872E-03 3.843E+00 (    4,  1)   7.612E-01 (  630,  0) 15:35:15    3.0 s     1.5 s  74.0%    F
     3    0.97350   2.592E-03 3.693E+00 (    4,  1)   9.998E-02 (    1,  0) 15:35:16    4.4 s     1.4 s 142.0%    F
     4    0.97465   1.178E-03 3.475E+00 (    4,  1)   3.866E-02 (    1,  0) 15:35:18    5.9 s     1.4 s  71.5%    F
     5    0.97521   5.750E-04 3.270E+00 (    4,  1)   1.608E-02 (    1,  0) 15:35:19    7.4 s     1.6 s 157.0%    F
     6    0.97548   2.753E-04 3.077E+00 (    4,  1)   7.309E-03 (  782,  0) 15:35:21    9.1 s     1.7 s  85.5%    F
     7    0.97561   1.316E-04 2.904E+00 (    4,  1)   5.043E-03 (   49,  0) 15:35:23   11.1 s     1.9 s  97.5%    F
     8    0.97566   5.451E-05 2.758E+00 (    4,  1)   3.506E-03 (   49,  0) 15:35:25   13.2 s     2.1 s 107.5%    F
     9    0.97568   2.093E-05 2.639E+00 (    4,  1)   2.394E-03 (   49,  0) 15:35:27   15.7 s     2.4 s 121.5%    F
    10    0.97569   7.527E-06 2.544E+00 (    4,  1)   1.621E-03 (   49,  0) 15:35:30   18.1 s     2.5 s  82.3%    F
    11    0.97569   1.273E-06 2.470E+00 (    4,  1)   1.104E-03 (   49,  0) 15:35:32   20.8 s     2.6 s 130.5%    F
    12    0.97569   1.905E-06 2.413E+00 (    4,  1)   7.861E-04 (  694,  0) 15:35:35   23.5 s     2.7 s  90.7%    F
    13    0.97568   2.866E-06 2.386E+00 (    2,  1)   5.934E-04 (  694,  0) 15:35:38   26.4 s     2.9 s  97.0%    F
 k-eff =       0.97568389     



   Four-Factor Estimate of k-infinity.  Fast/Thermal boundary:   0.6250 eV
      Fiss. neutrons/thermal abs. (eta):          1.603860
      Thermal utilization (f):                    0.371816
      Resonance Escape probability (p):           0.000006
      Fast-fission factor (epsilon):         279076.284479
                                            --------------
      Infinite neutron multiplication             0.975684


   Alternate 3-Group Formulation Terms. 
   Fast/Res. boundary:   0.8210 MeV.  Res./Therm. boundary:   0.6250eV
      Fiss. neutrons/thermal abs. (eta):          1.603860
      Thermal utilization (f):                    0.371816
      Resonance Escape probability (p):           0.000006
      Fast Escape probability (pf):               0.951572
      Fast-fission factor (epsilon):         279076.284479





  Time per Iteration (sec):
 Transport Sweeping:     0.850
 Inscatter Source  :     0.202
 Coarse-Mesh Accel :     1.458
 Else (Convergence):     0.120
 Total (per outer):      2.630

  Total iteration time breakdown (sec):
 Transport Sweeping:    11.049
 Inscatter Source  :     2.624
 Coarse-Mesh Accel :    18.952
 Else (Convergence):     1.562
 Total Time        :    34.187

 Critical Spectra Calculated with the B1 Method
 Input buckling of  0.00000E+00 gives a corresponding k-eff of  9.75670E-01
 Equivalent core height is infinite.

  Group   Upper      Critical   Inf.Med.   Critical   Inf.Med.  
   No    Energy(eV)   Flux       Flux      Adj.Flux   Adj.Flux  

     1  2.0000E+07  0.000E+00  0.000E+00  2.589E-03  2.589E-03
     2  1.7333E+07  5.006E-07  5.006E-07  3.567E-03  3.567E-03
     3  1.5683E+07  3.392E-06  3.392E-06  4.403E-03  4.403E-03
     4  1.4550E+07  6.769E-06  6.769E-06  6.195E-03  6.195E-03
     5  1.3840E+07  1.303E-05  1.303E-05  3.921E-03  3.921E-03
     6  1.2840E+07  6.345E-05  6.345E-05  1.101E-03  1.101E-03
     7  1.0000E+07  2.357E-04  2.357E-04  1.256E-03  1.256E-03
     8  8.1873E+06  7.266E-04  7.266E-04  9.309E-04  9.309E-04
     9  6.4340E+06  1.862E-03  1.862E-03  7.297E-04  7.297E-04
    10  4.8000E+06  2.984E-03  2.984E-03  2.035E-03  2.035E-03
    11  4.3040E+06  5.206E-03  5.206E-03  6.338E-04  6.338E-04
    12  3.0000E+06  7.095E-03  7.095E-03  1.192E-03  1.192E-03
    13  2.4790E+06  8.571E-03  8.571E-03  4.363E-03  4.363E-03
    14  2.3540E+06  9.592E-03  9.592E-03  9.310E-04  9.310E-04
    15  1.8500E+06  1.074E-02  1.074E-02  1.057E-03  1.057E-03
    16  1.5000E+06  1.227E-02  1.227E-02  3.187E-03  3.187E-03
    17  1.4000E+06  1.232E-02  1.232E-02  6.867E-03  6.867E-03
    18  1.3560E+06  1.151E-02  1.151E-02  7.495E-03  7.495E-03
    19  1.3170E+06  1.071E-02  1.071E-02  4.177E-03  4.177E-03
    20  1.2500E+06  1.093E-02  1.093E-02  5.330E-03  5.330E-03
    21  1.2000E+06  1.314E-02  1.314E-02  2.496E-03  2.496E-03
    22  1.1000E+06  1.471E-02  1.471E-02  2.538E-03  2.538E-03
    23  1.0100E+06  1.428E-02  1.428E-02  2.315E-03  2.315E-03
    24  9.2000E+05  1.413E-02  1.413E-02  9.803E-03  9.803E-03
    25  9.0000E+05  1.534E-02  1.534E-02  7.645E-03  7.645E-03
    26  8.7500E+05  1.536E-02  1.536E-02  1.344E-02  1.344E-02
    27  8.6110E+05  1.607E-02  1.607E-02  4.395E-03  4.395E-03
    28  8.2000E+05  1.781E-02  1.781E-02  2.403E-03  2.403E-03
    29  7.5000E+05  1.988E-02  1.988E-02  2.151E-03  2.151E-03
    30  6.7900E+05  2.000E-02  2.000E-02  1.600E-02  1.600E-02
    31  6.7000E+05  1.789E-02  1.789E-02  1.929E-03  1.929E-03
    32  6.0000E+05  1.774E-02  1.774E-02  4.608E-03  4.608E-03
    33  5.7300E+05  1.882E-02  1.882E-02  5.178E-03  5.178E-03
    34  5.5000E+05  1.613E-02  1.613E-02  2.198E-03  2.198E-03
    35  4.9952E+05  1.664E-02  1.664E-02  3.465E-03  3.465E-03
    36  4.7000E+05  1.340E-02  1.340E-02  3.194E-03  3.194E-03
    37  4.4000E+05  9.322E-03  9.322E-03  4.519E-03  4.519E-03
    38  4.2000E+05  9.867E-03  9.867E-03  4.306E-03  4.306E-03
    39  4.0000E+05  7.817E-03  7.817E-03  1.090E-03  1.090E-03
    40  3.3000E+05  5.466E-03  5.466E-03  1.042E-03  1.042E-03
    41  2.7000E+05  7.994E-03  7.994E-03  6.953E-04  6.953E-04
    42  2.0000E+05  1.869E-02  1.869E-02  7.260E-04  7.260E-04
    43  1.5000E+05  2.099E-02  2.099E-02  1.325E-03  1.325E-03
    44  1.2830E+05  1.077E-02  1.077E-02  8.255E-04  8.255E-04
    45  1.0000E+05  1.229E-02  1.229E-02  1.261E-03  1.261E-03
    46  8.5000E+04  2.558E-02  2.558E-02  5.694E-03  5.694E-03
    47  8.2000E+04  2.956E-02  2.956E-02  2.291E-03  2.291E-03
    48  7.5000E+04  2.974E-02  2.974E-02  7.551E-03  7.551E-03
    49  7.3000E+04  3.319E-02  3.319E-02  1.037E-03  1.037E-03
    50  6.0000E+04  2.899E-02  2.899E-02  1.411E-03  1.411E-03
    51  5.2000E+04  1.382E-02  1.382E-02  5.127E-03  5.127E-03
    52  5.0000E+04  1.129E-02  1.129E-02  1.908E-03  1.908E-03
    53  4.5000E+04  2.761E-02  2.761E-02  4.956E-04  4.956E-04
    54  3.0000E+04  1.433E-02  1.433E-02  1.098E-03  1.098E-03
    55  2.5000E+04  2.793E-02  2.793E-02  5.210E-04  5.210E-04
    56  1.7000E+04  2.475E-02  2.475E-02  7.509E-04  7.509E-04
    57  1.3000E+04  2.338E-02  2.338E-02  6.442E-04  6.442E-04
    58  9.5000E+03  2.213E-02  2.213E-02  1.208E-03  1.208E-03
    59  8.0300E+03  2.030E-02  2.030E-02  6.985E-04  6.985E-04
    60  6.0000E+03  1.717E-02  1.717E-02  4.757E-04  4.757E-04
    61  3.9000E+03  1.617E-02  1.617E-02  4.946E-03  4.946E-03
    62  3.7400E+03  1.505E-02  1.505E-02  9.344E-04  9.344E-04
    63  3.0000E+03  1.397E-02  1.397E-02  1.368E-03  1.368E-03
    64  2.5800E+03  1.306E-02  1.306E-02  1.737E-03  1.737E-03
    65  2.2900E+03  1.263E-02  1.263E-02  5.120E-03  5.120E-03
    66  2.2000E+03  1.179E-02  1.179E-02  1.034E-03  1.034E-03
    67  1.8000E+03  1.092E-02  1.092E-02  1.396E-03  1.396E-03
    68  1.5500E+03  1.013E-02  1.013E-02  6.377E-03  6.377E-03
    69  1.5000E+03  9.453E-03  9.453E-03  7.905E-04  7.905E-04
    70  1.1500E+03  8.229E-03  8.229E-03  1.090E-03  1.090E-03
    71  9.5000E+02  6.843E-03  6.843E-03  6.353E-04  6.353E-04
    72  6.8300E+02  5.723E-03  5.723E-03  1.059E-02  1.059E-02
    73  6.7000E+02  5.731E-03  5.731E-03  1.036E-03  1.036E-03
    74  5.5000E+02  4.068E-03  4.068E-03  3.432E-04  3.432E-04
    75  3.0500E+02  3.114E-03  3.114E-03  2.905E-03  2.905E-03
    76  2.8500E+02  2.912E-03  2.912E-03  1.131E-03  1.131E-03
    77  2.4000E+02  2.501E-03  2.501E-03  1.445E-03  1.445E-03
    78  2.1000E+02  2.375E-03  2.375E-03  1.649E-02  1.649E-02
    79  2.0750E+02  2.028E-03  2.028E-03  2.411E-03  2.411E-03
    80  1.9250E+02  2.006E-03  2.006E-03  5.465E-03  5.465E-03
    81  1.8600E+02  1.583E-03  1.583E-03  4.366E-04  4.366E-04
    82  1.2200E+02  1.004E-03  1.004E-03  6.571E-03  6.571E-03
    83  1.1900E+02  1.277E-03  1.277E-03  5.525E-03  5.525E-03
    84  1.1500E+02  9.992E-04  9.992E-04  2.863E-03  2.863E-03
    85  1.0800E+02  1.077E-03  1.077E-03  2.464E-03  2.464E-03
    86  1.0000E+02  9.516E-04  9.516E-04  1.778E-03  1.778E-03
    87  9.0000E+01  9.339E-04  9.339E-04  1.817E-03  1.817E-03
    88  8.2000E+01  8.937E-04  8.937E-04  6.662E-03  6.662E-03
    89  8.0000E+01  8.628E-04  8.628E-04  3.141E-03  3.141E-03
    90  7.6000E+01  7.714E-04  7.714E-04  2.839E-03  2.839E-03
    91  7.2000E+01  6.287E-04  6.287E-04  2.081E-03  2.081E-03
    92  6.7500E+01  7.035E-04  7.035E-04  3.929E-03  3.929E-03
    93  6.5000E+01  6.463E-04  6.463E-04  2.324E-03  2.324E-03
    94  6.1000E+01  4.687E-04  4.687E-04  3.969E-03  3.969E-03
    95  5.9000E+01  5.347E-04  5.347E-04  1.479E-03  1.479E-03
    96  5.3400E+01  5.437E-04  5.437E-04  4.812E-03  4.812E-03
    97  5.2000E+01  5.410E-04  5.410E-04  4.575E-03  4.575E-03
    98  5.0600E+01  5.195E-04  5.195E-04  4.373E-03  4.373E-03
    99  4.9200E+01  4.627E-04  4.627E-04  6.701E-03  6.701E-03
   100  4.8300E+01  4.336E-04  4.336E-04  4.110E-03  4.110E-03
   101  4.7000E+01  3.872E-04  3.872E-04  3.009E-03  3.009E-03
   102  4.5200E+01  4.055E-04  4.055E-04  5.334E-03  5.334E-03
   103  4.4000E+01  3.888E-04  3.888E-04  4.353E-03  4.353E-03
   104  4.2400E+01  3.838E-04  3.838E-04  4.730E-03  4.730E-03
   105  4.1000E+01  3.572E-04  3.572E-04  4.527E-03  4.527E-03
   106  3.9600E+01  3.575E-04  3.575E-04  1.258E-02  1.258E-02
   107  3.9100E+01  3.663E-04  3.663E-04  5.404E-03  5.404E-03
   108  3.8000E+01  3.499E-04  3.499E-04  5.864E-03  5.864E-03
   109  3.7000E+01  3.322E-04  3.322E-04  3.713E-03  3.713E-03
   110  3.5500E+01  3.196E-04  3.196E-04  5.805E-03  5.805E-03
   111  3.4600E+01  3.035E-04  3.035E-04  5.861E-03  5.861E-03
   112  3.3750E+01  3.046E-04  3.046E-04  9.240E-03  9.240E-03
   113  3.3250E+01  2.958E-04  2.958E-04  2.842E-03  2.842E-03
   114  3.1750E+01  2.885E-04  2.885E-04  7.759E-03  7.759E-03
   115  3.1250E+01  2.843E-04  2.843E-04  2.876E-03  2.876E-03
   116  3.0000E+01  2.580E-04  2.580E-04  1.258E-03  1.258E-03
   117  2.7500E+01  1.904E-04  1.904E-04  9.731E-04  9.731E-04
   118  2.5000E+01  1.223E-04  1.223E-04  9.213E-04  9.213E-04
   119  2.2500E+01  6.415E-05  6.415E-05  1.312E-03  1.312E-03
   120  2.1000E+01  5.760E-05  5.760E-05  2.828E-03  2.828E-03
   121  2.0000E+01  4.258E-05  4.258E-05  3.502E-03  3.502E-03
   122  1.9000E+01  2.922E-05  2.922E-05  7.213E-03  7.213E-03
   123  1.8500E+01  3.778E-05  3.778E-05  2.632E-03  2.632E-03
   124  1.7000E+01  3.288E-05  3.288E-05  4.560E-03  4.560E-03
   125  1.6000E+01  2.932E-05  2.932E-05  4.592E-03  4.592E-03
   126  1.5100E+01  3.258E-05  3.258E-05  5.288E-03  5.288E-03
   127  1.4400E+01  2.962E-05  2.962E-05  5.590E-03  5.590E-03
   128  1.3750E+01  2.478E-05  2.478E-05  4.074E-03  4.074E-03
   129  1.2900E+01  2.175E-05  2.175E-05  3.084E-03  3.084E-03
   130  1.1900E+01  2.248E-05  2.248E-05  6.645E-03  6.645E-03
   131  1.1500E+01  1.701E-05  1.701E-05  1.606E-03  1.606E-03
   132  1.0000E+01  1.570E-05  1.570E-05  1.940E-03  1.940E-03
   133  9.1000E+00  1.476E-05  1.476E-05  1.470E-03  1.470E-03
   134  8.1000E+00  1.198E-05  1.198E-05  1.322E-03  1.322E-03
   135  7.1500E+00  9.906E-06  9.906E-06  1.059E-02  1.059E-02
   136  7.0000E+00  7.720E-06  7.720E-06  6.316E-03  6.316E-03
   137  6.7500E+00  7.821E-06  7.821E-06  5.610E-03  5.610E-03
   138  6.5000E+00  8.238E-06  8.238E-06  4.962E-03  4.962E-03
   139  6.2500E+00  7.918E-06  7.918E-06  4.554E-03  4.554E-03
   140  6.0000E+00  7.042E-06  7.042E-06  1.670E-03  1.670E-03
   141  5.4000E+00  6.604E-06  6.604E-06  2.141E-03  2.141E-03
   142  5.0000E+00  6.013E-06  6.013E-06  3.070E-03  3.070E-03
   143  4.7500E+00  4.410E-06  4.410E-06  8.362E-04  8.362E-04
   144  4.0000E+00  2.910E-06  2.910E-06  3.857E-03  3.857E-03
   145  3.7300E+00  2.429E-06  2.429E-06  4.366E-03  4.366E-03
   146  3.5000E+00  2.297E-06  2.297E-06  2.471E-03  2.471E-03
   147  3.1500E+00  2.195E-06  2.195E-06  7.559E-03  7.559E-03
   148  3.0500E+00  2.132E-06  2.132E-06  1.456E-02  1.456E-02
   149  3.0000E+00  2.973E-06  2.973E-06  2.371E-02  2.371E-02
   150  2.9700E+00  2.490E-06  2.490E-06  6.925E-03  6.925E-03
   151  2.8700E+00  2.302E-06  2.302E-06  6.674E-03  6.674E-03
   152  2.7700E+00  2.183E-06  2.183E-06  6.384E-03  6.384E-03
   153  2.6700E+00  2.031E-06  2.031E-06  6.091E-03  6.091E-03
   154  2.5700E+00  1.785E-06  1.785E-06  5.812E-03  5.812E-03
   155  2.4700E+00  1.444E-06  1.444E-06  6.220E-03  6.220E-03
   156  2.3800E+00  1.180E-06  1.180E-06  6.895E-03  6.895E-03
   157  2.3000E+00  1.100E-06  1.100E-06  5.969E-03  5.969E-03
   158  2.2100E+00  1.105E-06  1.105E-06  5.646E-03  5.646E-03
   159  2.1200E+00  1.038E-06  1.038E-06  3.912E-03  3.912E-03
   160  2.0000E+00  9.374E-07  9.374E-07  7.277E-03  7.277E-03
   161  1.9400E+00  8.532E-07  8.532E-07  5.117E-03  5.117E-03
   162  1.8600E+00  7.675E-07  7.675E-07  4.146E-03  4.146E-03
   163  1.7700E+00  7.028E-07  7.028E-07  3.684E-03  3.684E-03
   164  1.6800E+00  6.562E-07  6.562E-07  3.253E-03  3.253E-03
   165  1.5900E+00  6.124E-07  6.124E-07  2.895E-03  2.895E-03
   166  1.5000E+00  5.758E-07  5.758E-07  4.774E-03  4.774E-03
   167  1.4500E+00  5.499E-07  5.499E-07  4.484E-03  4.484E-03
   168  1.4000E+00  5.248E-07  5.248E-07  4.214E-03  4.214E-03
   169  1.3500E+00  5.002E-07  5.002E-07  3.963E-03  3.963E-03
   170  1.3000E+00  4.762E-07  4.762E-07  3.730E-03  3.730E-03
   171  1.2500E+00  4.577E-07  4.577E-07  7.126E-03  7.126E-03
   172  1.2250E+00  4.455E-07  4.455E-07  6.921E-03  6.921E-03
   173  1.2000E+00  4.333E-07  4.333E-07  6.713E-03  6.713E-03
   174  1.1750E+00  4.212E-07  4.212E-07  6.523E-03  6.523E-03
   175  1.1500E+00  4.125E-07  4.125E-07  1.595E-02  1.595E-02
   176  1.1400E+00  4.076E-07  4.076E-07  1.578E-02  1.578E-02
   177  1.1300E+00  4.027E-07  4.027E-07  1.562E-02  1.562E-02
   178  1.1200E+00  3.978E-07  3.978E-07  1.542E-02  1.542E-02
   179  1.1100E+00  3.929E-07  3.929E-07  1.522E-02  1.522E-02
   180  1.1000E+00  3.879E-07  3.879E-07  1.506E-02  1.506E-02
   181  1.0900E+00  3.830E-07  3.830E-07  1.490E-02  1.490E-02
   182  1.0800E+00  3.781E-07  3.781E-07  1.472E-02  1.472E-02
   183  1.0700E+00  3.732E-07  3.732E-07  1.453E-02  1.453E-02
   184  1.0600E+00  3.682E-07  3.682E-07  1.438E-02  1.438E-02
   185  1.0500E+00  3.633E-07  3.633E-07  1.423E-02  1.423E-02
   186  1.0400E+00  3.583E-07  3.583E-07  1.405E-02  1.405E-02
   187  1.0300E+00  3.534E-07  3.534E-07  1.389E-02  1.389E-02
   188  1.0200E+00  3.484E-07  3.484E-07  1.371E-02  1.371E-02
   189  1.0100E+00  3.434E-07  3.434E-07  1.358E-02  1.358E-02
   190  1.0000E+00  3.349E-07  3.349E-07  5.318E-03  5.318E-03
   191  9.7500E-01  3.225E-07  3.225E-07  5.165E-03  5.165E-03
   192  9.5000E-01  3.101E-07  3.101E-07  5.016E-03  5.016E-03
   193  9.2500E-01  2.975E-07  2.975E-07  4.869E-03  4.869E-03
   194  9.0000E-01  2.796E-07  2.796E-07  2.327E-03  2.327E-03
   195  8.5000E-01  2.556E-07  2.556E-07  2.189E-03  2.189E-03
   196  8.0000E-01  2.318E-07  2.318E-07  2.054E-03  2.054E-03
   197  7.5000E-01  2.082E-07  2.082E-07  1.923E-03  1.923E-03
   198  7.0000E-01  1.852E-07  1.852E-07  1.795E-03  1.795E-03
   199  6.5000E-01  1.675E-07  1.675E-07  3.399E-03  3.399E-03
   200  6.2500E-01  1.557E-07  1.557E-07  3.272E-03  3.272E-03
   201  6.0000E-01  1.392E-07  1.392E-07  1.540E-03  1.540E-03
   202  5.5000E-01  1.180E-07  1.180E-07  1.410E-03  1.410E-03
   203  5.0000E-01  9.794E-08  9.794E-08  1.278E-03  1.278E-03
   204  4.5000E-01  7.947E-08  7.947E-08  1.145E-03  1.145E-03
   205  4.0000E-01  6.629E-08  6.629E-08  2.090E-03  2.090E-03
   206  3.7500E-01  5.780E-08  5.780E-08  1.955E-03  1.955E-03
   207  3.5000E-01  4.979E-08  4.979E-08  1.821E-03  1.821E-03
   208  3.2500E-01  4.228E-08  4.228E-08  1.685E-03  1.685E-03
   209  3.0000E-01  3.531E-08  3.531E-08  1.549E-03  1.549E-03
   210  2.7500E-01  2.891E-08  2.891E-08  1.412E-03  1.412E-03
   211  2.5000E-01  2.313E-08  2.313E-08  1.274E-03  1.274E-03
   212  2.2500E-01  1.800E-08  1.800E-08  1.136E-03  1.136E-03
   213  2.0000E-01  1.355E-08  1.355E-08  9.972E-04  9.972E-04
   214  1.7500E-01  9.760E-09  9.760E-09  8.591E-04  8.591E-04
   215  1.5000E-01  6.630E-09  6.630E-09  7.240E-04  7.240E-04
   216  1.2500E-01  4.229E-09  4.229E-09  5.908E-04  5.908E-04
   217  1.0000E-01  2.920E-09  2.920E-09  1.250E-03  1.250E-03
   218  9.0000E-02  2.240E-09  2.240E-09  1.117E-03  1.117E-03
   219  8.0000E-02  1.666E-09  1.666E-09  9.834E-04  9.834E-04
   220  7.0000E-02  1.191E-09  1.191E-09  8.502E-04  8.502E-04
   221  6.0000E-02  8.059E-10  8.059E-10  7.168E-04  7.168E-04
   222  5.0000E-02  5.061E-10  5.061E-10  5.828E-04  5.828E-04
   223  4.0000E-02  2.839E-10  2.839E-10  4.483E-04  4.483E-04
   224  3.0000E-02  1.660E-10  1.660E-10  7.493E-04  7.493E-04
   225  2.5300E-02  5.934E-11  5.934E-11  1.342E-04  1.342E-04
   226  1.0000E-02  1.427E-11  1.427E-11  4.143E-04  4.143E-04
   227  7.5000E-03  6.922E-12  6.922E-12  2.876E-04  2.876E-04
   228  5.0000E-03  3.506E-12  3.506E-12  5.123E-04  5.123E-04
   229  4.0000E-03  2.079E-12  2.079E-12  3.920E-04  3.920E-04
   230  3.0000E-03  1.271E-12  1.271E-12  6.108E-04  6.108E-04
   231  2.5000E-03  8.429E-13  8.429E-13  4.943E-04  4.943E-04
   232  2.0000E-03  5.047E-13  5.047E-13  3.792E-04  3.792E-04
   233  1.5000E-03  2.993E-13  2.993E-13  4.837E-04  4.837E-04
   234  1.2000E-03  1.985E-13  1.985E-13  5.876E-04  5.876E-04
   235  1.0000E-03  1.247E-13  1.247E-13  3.692E-04  3.692E-04
   236  7.5000E-04  6.304E-14  6.304E-14  2.593E-04  2.593E-04
   237  5.0000E-04  1.216E-14  1.216E-14  6.426E-05  6.426E-05
   238  1.0000E-04  3.215E-16  3.215E-16  4.332E-05  4.332E-05

 NOTE: Flux values above are per unit-lethargy.



  Zone data

      Zone   Mix    Relative     Relative         Zone
       No.   No.      Flux     Fission Power     Volume
     -----------------------------------------------------------------
         1     3   3.66863E-02   0.00000E+00   7.69228E+03
         2     1   7.41256E-01   9.97138E-01   6.72006E+03
         3     2   2.22058E-01   2.86154E-03   1.21265E+03



module xsproc is finished. completion code 0.
newtgrid.ps copied to /home/smpark/projects/msr-neutronics/MSFR/scale/quarter_cell2.newtgrid.ps.
newtmatl.ps copied to /home/smpark/projects/msr-neutronics/MSFR/scale/quarter_cell2.newtmatl.ps.
